Terminals unused in grammar

   IN_T
   ENDWHILE_T
   DO_T
   .


Gramática

    0 $accept: programa $end

    1 programa: prog

    2 prog: sentencia

    3 sentencia: sentencia grammar DOT_COM_T
    4          | grammar DOT_COM_T

    5 grammar: dec_var
    6        | asig
    7        | display
    8        | get
    9        | if
   10        | while
   11        | lista
   12        | between
   13        | AVG

   14 asig: VARIABLE OP_ASIG_T expr
   15     | VARIABLE OP_ASIG_T CONST_STRING_R

   16 CONST_STRING_R: CONST_STRING

   17 NUMERO: CONST_INT
   18       | CONST_REAL

   19 lista: expr_list
   20      | expr
   21      | lista COMA_T expr_list
   22      | lista COMA_T expr

   23 expr_list: CONST_STRING

   24 expr: expr OP_SUM_T termino
   25     | expr OP_REST_T termino
   26     | termino

   27 termino: termino OP_MULT_T factor
   28        | termino OP_DIV_T factor
   29        | '-' termino
   30        | factor

   31 factor: PARENT_A expr PARENT_C
   32       | NUMERO
   33       | VARIABLE

   34 display: DISPLAY_T CONST_STRING_R
   35        | DISPLAY_T expr

   36 get: GET_T VARIABLE

   37 while: WHILE_T cond_completa LLAVE_A sentencia LLAVE_C

   38 $@1: /* vacío */

   39 if: IF_T cond_completa sentencia $@1 ENDIF_T

   40 $@2: /* vacío */

   41 $@3: /* vacío */

   42 $@4: /* vacío */

   43 if: IF_T cond_completa sentencia $@2 ELSE_T $@3 sentencia $@4 ENDIF_T

   44 cond_completa: PARENT_A cond_completa PARENT_C
   45              | PARENT_A cond_completa OP_OR cond_completa PARENT_C
   46              | PARENT_A cond_completa OP_AND cond_completa PARENT_C
   47              | PARENT_A cond_completa OP_OR cond PARENT_C
   48              | PARENT_A cond_completa OP_AND cond PARENT_C
   49              | OP_NOT cond_completa
   50              | PARENT_A cond OP_OR cond_completa PARENT_C
   51              | PARENT_A cond OP_AND cond_completa PARENT_C
   52              | PARENT_A cond OP_AND cond PARENT_C
   53              | PARENT_A cond OP_OR cond PARENT_C
   54              | PARENT_A cond PARENT_C

   55 cond: expr OP_COMP expr
   56     | expr OP_MAY_IGU expr
   57     | expr OP_MEN_IGU expr
   58     | expr OP_MEN expr
   59     | expr OP_MAY expr
   60     | expr OP_AND expr
   61     | expr OP_OR expr
   62     | between
   63     | expr OP_NOT termino
   64     | OP_NOT VARIABLE

   65 between: BETWEEN_T PARENT_A VARIABLE COMA_T CORCHETE_A expr DOT_COM_T expr CORCHETE_C PARENT_C

   66 AVG: AVG_T PARENT_A CORCHETE_A lista CORCHETE_C PARENT_C

   67 dec_var: DIM_T OP_MEN dupla_asig OP_MAY

   68 dupla_asig: VARIABLE COMA_T dupla_asig COMA_T tipo
   69           | VARIABLE OP_MAY AS_T OP_MEN tipo

   70 tipo: INT_T
   71     | REAL_T
   72     | STRING_T


Terminales con las reglas donde aparecen

$end (0) 0
'-' (45) 29
error (256)
DIM_T (258) 67
WHILE_T (259) 37
IN_T (260)
ENDWHILE_T (261)
DO_T (262)
IF_T (263) 39 43
ELSE_T (264) 43
ENDIF_T (265) 39 43
INT_T (266) 70
REAL_T (267) 71
STRING_T (268) 72
GET_T (269) 36
DISPLAY_T (270) 34 35
AS_T (271) 69
CORCHETE_A (272) 65 66
CORCHETE_C (273) 65 66
LLAVE_A (274) 37
LLAVE_C (275) 37
COMA_T (276) 21 22 65 68
DOT_COM_T (277) 3 4 65
PARENT_A (278) 31 44 45 46 47 48 50 51 52 53 54 65 66
PARENT_C (279) 31 44 45 46 47 48 50 51 52 53 54 65 66
OP_MEN (280) 58 67 69
OP_MAY (281) 59 67 69
OP_MEN_IGU (282) 57
OP_MAY_IGU (283) 56
OP_NOT (284) 49 63 64
OP_AND (285) 46 48 51 52 60
OP_OR (286) 45 47 50 53 61
OP_COMP (287) 55
CONST_INT (288) 17
CONST_REAL (289) 18
VARIABLE (290) 14 15 33 36 64 65 68 69
BETWEEN_T (291) 65
AVG_T (292) 66
CONST_STRING (293) 16 23
OP_SUM_T (294) 24
OP_REST_T (295) 25
OP_DIV_T (296) 28
OP_MULT_T (297) 27
MENOS_UNARIO (298)
OP_ASIG_T (299) 14 15
. (300)


No terminales con las reglas donde aparecen

$accept (47)
    en la izquierda: 0
programa (48)
    en la izquierda: 1, en la derecha: 0
prog (49)
    en la izquierda: 2, en la derecha: 1
sentencia (50)
    en la izquierda: 3 4, en la derecha: 2 3 37 39 43
grammar (51)
    en la izquierda: 5 6 7 8 9 10 11 12 13, en la derecha: 3 4
asig (52)
    en la izquierda: 14 15, en la derecha: 6
CONST_STRING_R (53)
    en la izquierda: 16, en la derecha: 15 34
NUMERO (54)
    en la izquierda: 17 18, en la derecha: 32
lista (55)
    en la izquierda: 19 20 21 22, en la derecha: 11 21 22 66
expr_list (56)
    en la izquierda: 23, en la derecha: 19 21
expr (57)
    en la izquierda: 24 25 26, en la derecha: 14 20 22 24 25 31 35
    55 56 57 58 59 60 61 63 65
termino (58)
    en la izquierda: 27 28 29 30, en la derecha: 24 25 26 27 28 29
    63
factor (59)
    en la izquierda: 31 32 33, en la derecha: 27 28 30
display (60)
    en la izquierda: 34 35, en la derecha: 7
get (61)
    en la izquierda: 36, en la derecha: 8
while (62)
    en la izquierda: 37, en la derecha: 10
if (63)
    en la izquierda: 39 43, en la derecha: 9
$@1 (64)
    en la izquierda: 38, en la derecha: 39
$@2 (65)
    en la izquierda: 40, en la derecha: 43
$@3 (66)
    en la izquierda: 41, en la derecha: 43
$@4 (67)
    en la izquierda: 42, en la derecha: 43
cond_completa (68)
    en la izquierda: 44 45 46 47 48 49 50 51 52 53 54, en la derecha:
    37 39 43 44 45 46 47 48 49 50 51
cond (69)
    en la izquierda: 55 56 57 58 59 60 61 62 63 64, en la derecha:
    47 48 50 51 52 53 54
between (70)
    en la izquierda: 65, en la derecha: 12 62
AVG (71)
    en la izquierda: 66, en la derecha: 13
dec_var (72)
    en la izquierda: 67, en la derecha: 5
dupla_asig (73)
    en la izquierda: 68 69, en la derecha: 67 68
tipo (74)
    en la izquierda: 70 71 72, en la derecha: 68 69


estado 0

    0 $accept: . programa $end

    DIM_T         desplazar e ir al estado 1
    WHILE_T       desplazar e ir al estado 2
    IF_T          desplazar e ir al estado 3
    GET_T         desplazar e ir al estado 4
    DISPLAY_T     desplazar e ir al estado 5
    PARENT_A      desplazar e ir al estado 6
    CONST_INT     desplazar e ir al estado 7
    CONST_REAL    desplazar e ir al estado 8
    VARIABLE      desplazar e ir al estado 9
    BETWEEN_T     desplazar e ir al estado 10
    AVG_T         desplazar e ir al estado 11
    CONST_STRING  desplazar e ir al estado 12
    '-'           desplazar e ir al estado 13

    programa   ir al estado 14
    prog       ir al estado 15
    sentencia  ir al estado 16
    grammar    ir al estado 17
    asig       ir al estado 18
    NUMERO     ir al estado 19
    lista      ir al estado 20
    expr_list  ir al estado 21
    expr       ir al estado 22
    termino    ir al estado 23
    factor     ir al estado 24
    display    ir al estado 25
    get        ir al estado 26
    while      ir al estado 27
    if         ir al estado 28
    between    ir al estado 29
    AVG        ir al estado 30
    dec_var    ir al estado 31


estado 1

   67 dec_var: DIM_T . OP_MEN dupla_asig OP_MAY

    OP_MEN  desplazar e ir al estado 32


estado 2

   37 while: WHILE_T . cond_completa LLAVE_A sentencia LLAVE_C

    PARENT_A  desplazar e ir al estado 33
    OP_NOT    desplazar e ir al estado 34

    cond_completa  ir al estado 35


estado 3

   39 if: IF_T . cond_completa sentencia $@1 ENDIF_T
   43   | IF_T . cond_completa sentencia $@2 ELSE_T $@3 sentencia $@4 ENDIF_T

    PARENT_A  desplazar e ir al estado 33
    OP_NOT    desplazar e ir al estado 34

    cond_completa  ir al estado 36


estado 4

   36 get: GET_T . VARIABLE

    VARIABLE  desplazar e ir al estado 37


estado 5

   34 display: DISPLAY_T . CONST_STRING_R
   35        | DISPLAY_T . expr

    PARENT_A      desplazar e ir al estado 6
    CONST_INT     desplazar e ir al estado 7
    CONST_REAL    desplazar e ir al estado 8
    VARIABLE      desplazar e ir al estado 38
    CONST_STRING  desplazar e ir al estado 39
    '-'           desplazar e ir al estado 13

    CONST_STRING_R  ir al estado 40
    NUMERO          ir al estado 19
    expr            ir al estado 41
    termino         ir al estado 23
    factor          ir al estado 24


estado 6

   31 factor: PARENT_A . expr PARENT_C

    PARENT_A    desplazar e ir al estado 6
    CONST_INT   desplazar e ir al estado 7
    CONST_REAL  desplazar e ir al estado 8
    VARIABLE    desplazar e ir al estado 38
    '-'         desplazar e ir al estado 13

    NUMERO   ir al estado 19
    expr     ir al estado 42
    termino  ir al estado 23
    factor   ir al estado 24


estado 7

   17 NUMERO: CONST_INT .

    $default  reduce usando la regla 17 (NUMERO)


estado 8

   18 NUMERO: CONST_REAL .

    $default  reduce usando la regla 18 (NUMERO)


estado 9

   14 asig: VARIABLE . OP_ASIG_T expr
   15     | VARIABLE . OP_ASIG_T CONST_STRING_R
   33 factor: VARIABLE .

    OP_ASIG_T  desplazar e ir al estado 43

    $default  reduce usando la regla 33 (factor)


estado 10

   65 between: BETWEEN_T . PARENT_A VARIABLE COMA_T CORCHETE_A expr DOT_COM_T expr CORCHETE_C PARENT_C

    PARENT_A  desplazar e ir al estado 44


estado 11

   66 AVG: AVG_T . PARENT_A CORCHETE_A lista CORCHETE_C PARENT_C

    PARENT_A  desplazar e ir al estado 45


estado 12

   23 expr_list: CONST_STRING .

    $default  reduce usando la regla 23 (expr_list)


estado 13

   29 termino: '-' . termino

    PARENT_A    desplazar e ir al estado 6
    CONST_INT   desplazar e ir al estado 7
    CONST_REAL  desplazar e ir al estado 8
    VARIABLE    desplazar e ir al estado 38
    '-'         desplazar e ir al estado 13

    NUMERO   ir al estado 19
    termino  ir al estado 46
    factor   ir al estado 24


estado 14

    0 $accept: programa . $end

    $end  desplazar e ir al estado 47


estado 15

    1 programa: prog .

    $default  reduce usando la regla 1 (programa)


estado 16

    2 prog: sentencia .
    3 sentencia: sentencia . grammar DOT_COM_T

    DIM_T         desplazar e ir al estado 1
    WHILE_T       desplazar e ir al estado 2
    IF_T          desplazar e ir al estado 3
    GET_T         desplazar e ir al estado 4
    DISPLAY_T     desplazar e ir al estado 5
    PARENT_A      desplazar e ir al estado 6
    CONST_INT     desplazar e ir al estado 7
    CONST_REAL    desplazar e ir al estado 8
    VARIABLE      desplazar e ir al estado 9
    BETWEEN_T     desplazar e ir al estado 10
    AVG_T         desplazar e ir al estado 11
    CONST_STRING  desplazar e ir al estado 12
    '-'           desplazar e ir al estado 13

    $default  reduce usando la regla 2 (prog)

    grammar    ir al estado 48
    asig       ir al estado 18
    NUMERO     ir al estado 19
    lista      ir al estado 20
    expr_list  ir al estado 21
    expr       ir al estado 22
    termino    ir al estado 23
    factor     ir al estado 24
    display    ir al estado 25
    get        ir al estado 26
    while      ir al estado 27
    if         ir al estado 28
    between    ir al estado 29
    AVG        ir al estado 30
    dec_var    ir al estado 31


estado 17

    4 sentencia: grammar . DOT_COM_T

    DOT_COM_T  desplazar e ir al estado 49


estado 18

    6 grammar: asig .

    $default  reduce usando la regla 6 (grammar)


estado 19

   32 factor: NUMERO .

    $default  reduce usando la regla 32 (factor)


estado 20

   11 grammar: lista .
   21 lista: lista . COMA_T expr_list
   22      | lista . COMA_T expr

    COMA_T  desplazar e ir al estado 50

    $default  reduce usando la regla 11 (grammar)


estado 21

   19 lista: expr_list .

    $default  reduce usando la regla 19 (lista)


estado 22

   20 lista: expr .
   24 expr: expr . OP_SUM_T termino
   25     | expr . OP_REST_T termino

    OP_SUM_T   desplazar e ir al estado 51
    OP_REST_T  desplazar e ir al estado 52

    $default  reduce usando la regla 20 (lista)


estado 23

   26 expr: termino .
   27 termino: termino . OP_MULT_T factor
   28        | termino . OP_DIV_T factor

    OP_DIV_T   desplazar e ir al estado 53
    OP_MULT_T  desplazar e ir al estado 54

    $default  reduce usando la regla 26 (expr)


estado 24

   30 termino: factor .

    $default  reduce usando la regla 30 (termino)


estado 25

    7 grammar: display .

    $default  reduce usando la regla 7 (grammar)


estado 26

    8 grammar: get .

    $default  reduce usando la regla 8 (grammar)


estado 27

   10 grammar: while .

    $default  reduce usando la regla 10 (grammar)


estado 28

    9 grammar: if .

    $default  reduce usando la regla 9 (grammar)


estado 29

   12 grammar: between .

    $default  reduce usando la regla 12 (grammar)


estado 30

   13 grammar: AVG .

    $default  reduce usando la regla 13 (grammar)


estado 31

    5 grammar: dec_var .

    $default  reduce usando la regla 5 (grammar)


estado 32

   67 dec_var: DIM_T OP_MEN . dupla_asig OP_MAY

    VARIABLE  desplazar e ir al estado 55

    dupla_asig  ir al estado 56


estado 33

   44 cond_completa: PARENT_A . cond_completa PARENT_C
   45              | PARENT_A . cond_completa OP_OR cond_completa PARENT_C
   46              | PARENT_A . cond_completa OP_AND cond_completa PARENT_C
   47              | PARENT_A . cond_completa OP_OR cond PARENT_C
   48              | PARENT_A . cond_completa OP_AND cond PARENT_C
   50              | PARENT_A . cond OP_OR cond_completa PARENT_C
   51              | PARENT_A . cond OP_AND cond_completa PARENT_C
   52              | PARENT_A . cond OP_AND cond PARENT_C
   53              | PARENT_A . cond OP_OR cond PARENT_C
   54              | PARENT_A . cond PARENT_C

    PARENT_A    desplazar e ir al estado 57
    OP_NOT      desplazar e ir al estado 58
    CONST_INT   desplazar e ir al estado 7
    CONST_REAL  desplazar e ir al estado 8
    VARIABLE    desplazar e ir al estado 38
    BETWEEN_T   desplazar e ir al estado 10
    '-'         desplazar e ir al estado 13

    NUMERO         ir al estado 19
    expr           ir al estado 59
    termino        ir al estado 23
    factor         ir al estado 24
    cond_completa  ir al estado 60
    cond           ir al estado 61
    between        ir al estado 62


estado 34

   49 cond_completa: OP_NOT . cond_completa

    PARENT_A  desplazar e ir al estado 33
    OP_NOT    desplazar e ir al estado 34

    cond_completa  ir al estado 63


estado 35

   37 while: WHILE_T cond_completa . LLAVE_A sentencia LLAVE_C

    LLAVE_A  desplazar e ir al estado 64


estado 36

   39 if: IF_T cond_completa . sentencia $@1 ENDIF_T
   43   | IF_T cond_completa . sentencia $@2 ELSE_T $@3 sentencia $@4 ENDIF_T

    DIM_T         desplazar e ir al estado 1
    WHILE_T       desplazar e ir al estado 2
    IF_T          desplazar e ir al estado 3
    GET_T         desplazar e ir al estado 4
    DISPLAY_T     desplazar e ir al estado 5
    PARENT_A      desplazar e ir al estado 6
    CONST_INT     desplazar e ir al estado 7
    CONST_REAL    desplazar e ir al estado 8
    VARIABLE      desplazar e ir al estado 9
    BETWEEN_T     desplazar e ir al estado 10
    AVG_T         desplazar e ir al estado 11
    CONST_STRING  desplazar e ir al estado 12
    '-'           desplazar e ir al estado 13

    sentencia  ir al estado 65
    grammar    ir al estado 17
    asig       ir al estado 18
    NUMERO     ir al estado 19
    lista      ir al estado 20
    expr_list  ir al estado 21
    expr       ir al estado 22
    termino    ir al estado 23
    factor     ir al estado 24
    display    ir al estado 25
    get        ir al estado 26
    while      ir al estado 27
    if         ir al estado 28
    between    ir al estado 29
    AVG        ir al estado 30
    dec_var    ir al estado 31


estado 37

   36 get: GET_T VARIABLE .

    $default  reduce usando la regla 36 (get)


estado 38

   33 factor: VARIABLE .

    $default  reduce usando la regla 33 (factor)


estado 39

   16 CONST_STRING_R: CONST_STRING .

    $default  reduce usando la regla 16 (CONST_STRING_R)


estado 40

   34 display: DISPLAY_T CONST_STRING_R .

    $default  reduce usando la regla 34 (display)


estado 41

   24 expr: expr . OP_SUM_T termino
   25     | expr . OP_REST_T termino
   35 display: DISPLAY_T expr .

    OP_SUM_T   desplazar e ir al estado 51
    OP_REST_T  desplazar e ir al estado 52

    $default  reduce usando la regla 35 (display)


estado 42

   24 expr: expr . OP_SUM_T termino
   25     | expr . OP_REST_T termino
   31 factor: PARENT_A expr . PARENT_C

    PARENT_C   desplazar e ir al estado 66
    OP_SUM_T   desplazar e ir al estado 51
    OP_REST_T  desplazar e ir al estado 52


estado 43

   14 asig: VARIABLE OP_ASIG_T . expr
   15     | VARIABLE OP_ASIG_T . CONST_STRING_R

    PARENT_A      desplazar e ir al estado 6
    CONST_INT     desplazar e ir al estado 7
    CONST_REAL    desplazar e ir al estado 8
    VARIABLE      desplazar e ir al estado 38
    CONST_STRING  desplazar e ir al estado 39
    '-'           desplazar e ir al estado 13

    CONST_STRING_R  ir al estado 67
    NUMERO          ir al estado 19
    expr            ir al estado 68
    termino         ir al estado 23
    factor          ir al estado 24


estado 44

   65 between: BETWEEN_T PARENT_A . VARIABLE COMA_T CORCHETE_A expr DOT_COM_T expr CORCHETE_C PARENT_C

    VARIABLE  desplazar e ir al estado 69


estado 45

   66 AVG: AVG_T PARENT_A . CORCHETE_A lista CORCHETE_C PARENT_C

    CORCHETE_A  desplazar e ir al estado 70


estado 46

   27 termino: termino . OP_MULT_T factor
   28        | termino . OP_DIV_T factor
   29        | '-' termino .

    $default  reduce usando la regla 29 (termino)


estado 47

    0 $accept: programa $end .

    $default  aceptar


estado 48

    3 sentencia: sentencia grammar . DOT_COM_T

    DOT_COM_T  desplazar e ir al estado 71


estado 49

    4 sentencia: grammar DOT_COM_T .

    $default  reduce usando la regla 4 (sentencia)


estado 50

   21 lista: lista COMA_T . expr_list
   22      | lista COMA_T . expr

    PARENT_A      desplazar e ir al estado 6
    CONST_INT     desplazar e ir al estado 7
    CONST_REAL    desplazar e ir al estado 8
    VARIABLE      desplazar e ir al estado 38
    CONST_STRING  desplazar e ir al estado 12
    '-'           desplazar e ir al estado 13

    NUMERO     ir al estado 19
    expr_list  ir al estado 72
    expr       ir al estado 73
    termino    ir al estado 23
    factor     ir al estado 24


estado 51

   24 expr: expr OP_SUM_T . termino

    PARENT_A    desplazar e ir al estado 6
    CONST_INT   desplazar e ir al estado 7
    CONST_REAL  desplazar e ir al estado 8
    VARIABLE    desplazar e ir al estado 38
    '-'         desplazar e ir al estado 13

    NUMERO   ir al estado 19
    termino  ir al estado 74
    factor   ir al estado 24


estado 52

   25 expr: expr OP_REST_T . termino

    PARENT_A    desplazar e ir al estado 6
    CONST_INT   desplazar e ir al estado 7
    CONST_REAL  desplazar e ir al estado 8
    VARIABLE    desplazar e ir al estado 38
    '-'         desplazar e ir al estado 13

    NUMERO   ir al estado 19
    termino  ir al estado 75
    factor   ir al estado 24


estado 53

   28 termino: termino OP_DIV_T . factor

    PARENT_A    desplazar e ir al estado 6
    CONST_INT   desplazar e ir al estado 7
    CONST_REAL  desplazar e ir al estado 8
    VARIABLE    desplazar e ir al estado 38

    NUMERO  ir al estado 19
    factor  ir al estado 76


estado 54

   27 termino: termino OP_MULT_T . factor

    PARENT_A    desplazar e ir al estado 6
    CONST_INT   desplazar e ir al estado 7
    CONST_REAL  desplazar e ir al estado 8
    VARIABLE    desplazar e ir al estado 38

    NUMERO  ir al estado 19
    factor  ir al estado 77


estado 55

   68 dupla_asig: VARIABLE . COMA_T dupla_asig COMA_T tipo
   69           | VARIABLE . OP_MAY AS_T OP_MEN tipo

    COMA_T  desplazar e ir al estado 78
    OP_MAY  desplazar e ir al estado 79


estado 56

   67 dec_var: DIM_T OP_MEN dupla_asig . OP_MAY

    OP_MAY  desplazar e ir al estado 80


estado 57

   31 factor: PARENT_A . expr PARENT_C
   44 cond_completa: PARENT_A . cond_completa PARENT_C
   45              | PARENT_A . cond_completa OP_OR cond_completa PARENT_C
   46              | PARENT_A . cond_completa OP_AND cond_completa PARENT_C
   47              | PARENT_A . cond_completa OP_OR cond PARENT_C
   48              | PARENT_A . cond_completa OP_AND cond PARENT_C
   50              | PARENT_A . cond OP_OR cond_completa PARENT_C
   51              | PARENT_A . cond OP_AND cond_completa PARENT_C
   52              | PARENT_A . cond OP_AND cond PARENT_C
   53              | PARENT_A . cond OP_OR cond PARENT_C
   54              | PARENT_A . cond PARENT_C

    PARENT_A    desplazar e ir al estado 57
    OP_NOT      desplazar e ir al estado 58
    CONST_INT   desplazar e ir al estado 7
    CONST_REAL  desplazar e ir al estado 8
    VARIABLE    desplazar e ir al estado 38
    BETWEEN_T   desplazar e ir al estado 10
    '-'         desplazar e ir al estado 13

    NUMERO         ir al estado 19
    expr           ir al estado 81
    termino        ir al estado 23
    factor         ir al estado 24
    cond_completa  ir al estado 60
    cond           ir al estado 61
    between        ir al estado 62


estado 58

   49 cond_completa: OP_NOT . cond_completa
   64 cond: OP_NOT . VARIABLE

    PARENT_A  desplazar e ir al estado 33
    OP_NOT    desplazar e ir al estado 34
    VARIABLE  desplazar e ir al estado 82

    cond_completa  ir al estado 63


estado 59

   24 expr: expr . OP_SUM_T termino
   25     | expr . OP_REST_T termino
   55 cond: expr . OP_COMP expr
   56     | expr . OP_MAY_IGU expr
   57     | expr . OP_MEN_IGU expr
   58     | expr . OP_MEN expr
   59     | expr . OP_MAY expr
   60     | expr . OP_AND expr
   61     | expr . OP_OR expr
   63     | expr . OP_NOT termino

    OP_MEN      desplazar e ir al estado 83
    OP_MAY      desplazar e ir al estado 84
    OP_MEN_IGU  desplazar e ir al estado 85
    OP_MAY_IGU  desplazar e ir al estado 86
    OP_NOT      desplazar e ir al estado 87
    OP_AND      desplazar e ir al estado 88
    OP_OR       desplazar e ir al estado 89
    OP_COMP     desplazar e ir al estado 90
    OP_SUM_T    desplazar e ir al estado 51
    OP_REST_T   desplazar e ir al estado 52


estado 60

   44 cond_completa: PARENT_A cond_completa . PARENT_C
   45              | PARENT_A cond_completa . OP_OR cond_completa PARENT_C
   46              | PARENT_A cond_completa . OP_AND cond_completa PARENT_C
   47              | PARENT_A cond_completa . OP_OR cond PARENT_C
   48              | PARENT_A cond_completa . OP_AND cond PARENT_C

    PARENT_C  desplazar e ir al estado 91
    OP_AND    desplazar e ir al estado 92
    OP_OR     desplazar e ir al estado 93


estado 61

   50 cond_completa: PARENT_A cond . OP_OR cond_completa PARENT_C
   51              | PARENT_A cond . OP_AND cond_completa PARENT_C
   52              | PARENT_A cond . OP_AND cond PARENT_C
   53              | PARENT_A cond . OP_OR cond PARENT_C
   54              | PARENT_A cond . PARENT_C

    PARENT_C  desplazar e ir al estado 94
    OP_AND    desplazar e ir al estado 95
    OP_OR     desplazar e ir al estado 96


estado 62

   62 cond: between .

    $default  reduce usando la regla 62 (cond)


estado 63

   49 cond_completa: OP_NOT cond_completa .

    $default  reduce usando la regla 49 (cond_completa)


estado 64

   37 while: WHILE_T cond_completa LLAVE_A . sentencia LLAVE_C

    DIM_T         desplazar e ir al estado 1
    WHILE_T       desplazar e ir al estado 2
    IF_T          desplazar e ir al estado 3
    GET_T         desplazar e ir al estado 4
    DISPLAY_T     desplazar e ir al estado 5
    PARENT_A      desplazar e ir al estado 6
    CONST_INT     desplazar e ir al estado 7
    CONST_REAL    desplazar e ir al estado 8
    VARIABLE      desplazar e ir al estado 9
    BETWEEN_T     desplazar e ir al estado 10
    AVG_T         desplazar e ir al estado 11
    CONST_STRING  desplazar e ir al estado 12
    '-'           desplazar e ir al estado 13

    sentencia  ir al estado 97
    grammar    ir al estado 17
    asig       ir al estado 18
    NUMERO     ir al estado 19
    lista      ir al estado 20
    expr_list  ir al estado 21
    expr       ir al estado 22
    termino    ir al estado 23
    factor     ir al estado 24
    display    ir al estado 25
    get        ir al estado 26
    while      ir al estado 27
    if         ir al estado 28
    between    ir al estado 29
    AVG        ir al estado 30
    dec_var    ir al estado 31


estado 65

    3 sentencia: sentencia . grammar DOT_COM_T
   39 if: IF_T cond_completa sentencia . $@1 ENDIF_T
   43   | IF_T cond_completa sentencia . $@2 ELSE_T $@3 sentencia $@4 ENDIF_T

    DIM_T         desplazar e ir al estado 1
    WHILE_T       desplazar e ir al estado 2
    IF_T          desplazar e ir al estado 3
    GET_T         desplazar e ir al estado 4
    DISPLAY_T     desplazar e ir al estado 5
    PARENT_A      desplazar e ir al estado 6
    CONST_INT     desplazar e ir al estado 7
    CONST_REAL    desplazar e ir al estado 8
    VARIABLE      desplazar e ir al estado 9
    BETWEEN_T     desplazar e ir al estado 10
    AVG_T         desplazar e ir al estado 11
    CONST_STRING  desplazar e ir al estado 12
    '-'           desplazar e ir al estado 13

    ELSE_T    reduce usando la regla 40 ($@2)
    $default  reduce usando la regla 38 ($@1)

    grammar    ir al estado 48
    asig       ir al estado 18
    NUMERO     ir al estado 19
    lista      ir al estado 20
    expr_list  ir al estado 21
    expr       ir al estado 22
    termino    ir al estado 23
    factor     ir al estado 24
    display    ir al estado 25
    get        ir al estado 26
    while      ir al estado 27
    if         ir al estado 28
    $@1        ir al estado 98
    $@2        ir al estado 99
    between    ir al estado 29
    AVG        ir al estado 30
    dec_var    ir al estado 31


estado 66

   31 factor: PARENT_A expr PARENT_C .

    $default  reduce usando la regla 31 (factor)


estado 67

   15 asig: VARIABLE OP_ASIG_T CONST_STRING_R .

    $default  reduce usando la regla 15 (asig)


estado 68

   14 asig: VARIABLE OP_ASIG_T expr .
   24 expr: expr . OP_SUM_T termino
   25     | expr . OP_REST_T termino

    OP_SUM_T   desplazar e ir al estado 51
    OP_REST_T  desplazar e ir al estado 52

    $default  reduce usando la regla 14 (asig)


estado 69

   65 between: BETWEEN_T PARENT_A VARIABLE . COMA_T CORCHETE_A expr DOT_COM_T expr CORCHETE_C PARENT_C

    COMA_T  desplazar e ir al estado 100


estado 70

   66 AVG: AVG_T PARENT_A CORCHETE_A . lista CORCHETE_C PARENT_C

    PARENT_A      desplazar e ir al estado 6
    CONST_INT     desplazar e ir al estado 7
    CONST_REAL    desplazar e ir al estado 8
    VARIABLE      desplazar e ir al estado 38
    CONST_STRING  desplazar e ir al estado 12
    '-'           desplazar e ir al estado 13

    NUMERO     ir al estado 19
    lista      ir al estado 101
    expr_list  ir al estado 21
    expr       ir al estado 22
    termino    ir al estado 23
    factor     ir al estado 24


estado 71

    3 sentencia: sentencia grammar DOT_COM_T .

    $default  reduce usando la regla 3 (sentencia)


estado 72

   21 lista: lista COMA_T expr_list .

    $default  reduce usando la regla 21 (lista)


estado 73

   22 lista: lista COMA_T expr .
   24 expr: expr . OP_SUM_T termino
   25     | expr . OP_REST_T termino

    OP_SUM_T   desplazar e ir al estado 51
    OP_REST_T  desplazar e ir al estado 52

    $default  reduce usando la regla 22 (lista)


estado 74

   24 expr: expr OP_SUM_T termino .
   27 termino: termino . OP_MULT_T factor
   28        | termino . OP_DIV_T factor

    OP_DIV_T   desplazar e ir al estado 53
    OP_MULT_T  desplazar e ir al estado 54

    $default  reduce usando la regla 24 (expr)


estado 75

   25 expr: expr OP_REST_T termino .
   27 termino: termino . OP_MULT_T factor
   28        | termino . OP_DIV_T factor

    OP_DIV_T   desplazar e ir al estado 53
    OP_MULT_T  desplazar e ir al estado 54

    $default  reduce usando la regla 25 (expr)


estado 76

   28 termino: termino OP_DIV_T factor .

    $default  reduce usando la regla 28 (termino)


estado 77

   27 termino: termino OP_MULT_T factor .

    $default  reduce usando la regla 27 (termino)


estado 78

   68 dupla_asig: VARIABLE COMA_T . dupla_asig COMA_T tipo

    VARIABLE  desplazar e ir al estado 55

    dupla_asig  ir al estado 102


estado 79

   69 dupla_asig: VARIABLE OP_MAY . AS_T OP_MEN tipo

    AS_T  desplazar e ir al estado 103


estado 80

   67 dec_var: DIM_T OP_MEN dupla_asig OP_MAY .

    $default  reduce usando la regla 67 (dec_var)


estado 81

   24 expr: expr . OP_SUM_T termino
   25     | expr . OP_REST_T termino
   31 factor: PARENT_A expr . PARENT_C
   55 cond: expr . OP_COMP expr
   56     | expr . OP_MAY_IGU expr
   57     | expr . OP_MEN_IGU expr
   58     | expr . OP_MEN expr
   59     | expr . OP_MAY expr
   60     | expr . OP_AND expr
   61     | expr . OP_OR expr
   63     | expr . OP_NOT termino

    PARENT_C    desplazar e ir al estado 66
    OP_MEN      desplazar e ir al estado 83
    OP_MAY      desplazar e ir al estado 84
    OP_MEN_IGU  desplazar e ir al estado 85
    OP_MAY_IGU  desplazar e ir al estado 86
    OP_NOT      desplazar e ir al estado 87
    OP_AND      desplazar e ir al estado 88
    OP_OR       desplazar e ir al estado 89
    OP_COMP     desplazar e ir al estado 90
    OP_SUM_T    desplazar e ir al estado 51
    OP_REST_T   desplazar e ir al estado 52


estado 82

   64 cond: OP_NOT VARIABLE .

    $default  reduce usando la regla 64 (cond)


estado 83

   58 cond: expr OP_MEN . expr

    PARENT_A    desplazar e ir al estado 6
    CONST_INT   desplazar e ir al estado 7
    CONST_REAL  desplazar e ir al estado 8
    VARIABLE    desplazar e ir al estado 38
    '-'         desplazar e ir al estado 13

    NUMERO   ir al estado 19
    expr     ir al estado 104
    termino  ir al estado 23
    factor   ir al estado 24


estado 84

   59 cond: expr OP_MAY . expr

    PARENT_A    desplazar e ir al estado 6
    CONST_INT   desplazar e ir al estado 7
    CONST_REAL  desplazar e ir al estado 8
    VARIABLE    desplazar e ir al estado 38
    '-'         desplazar e ir al estado 13

    NUMERO   ir al estado 19
    expr     ir al estado 105
    termino  ir al estado 23
    factor   ir al estado 24


estado 85

   57 cond: expr OP_MEN_IGU . expr

    PARENT_A    desplazar e ir al estado 6
    CONST_INT   desplazar e ir al estado 7
    CONST_REAL  desplazar e ir al estado 8
    VARIABLE    desplazar e ir al estado 38
    '-'         desplazar e ir al estado 13

    NUMERO   ir al estado 19
    expr     ir al estado 106
    termino  ir al estado 23
    factor   ir al estado 24


estado 86

   56 cond: expr OP_MAY_IGU . expr

    PARENT_A    desplazar e ir al estado 6
    CONST_INT   desplazar e ir al estado 7
    CONST_REAL  desplazar e ir al estado 8
    VARIABLE    desplazar e ir al estado 38
    '-'         desplazar e ir al estado 13

    NUMERO   ir al estado 19
    expr     ir al estado 107
    termino  ir al estado 23
    factor   ir al estado 24


estado 87

   63 cond: expr OP_NOT . termino

    PARENT_A    desplazar e ir al estado 6
    CONST_INT   desplazar e ir al estado 7
    CONST_REAL  desplazar e ir al estado 8
    VARIABLE    desplazar e ir al estado 38
    '-'         desplazar e ir al estado 13

    NUMERO   ir al estado 19
    termino  ir al estado 108
    factor   ir al estado 24


estado 88

   60 cond: expr OP_AND . expr

    PARENT_A    desplazar e ir al estado 6
    CONST_INT   desplazar e ir al estado 7
    CONST_REAL  desplazar e ir al estado 8
    VARIABLE    desplazar e ir al estado 38
    '-'         desplazar e ir al estado 13

    NUMERO   ir al estado 19
    expr     ir al estado 109
    termino  ir al estado 23
    factor   ir al estado 24


estado 89

   61 cond: expr OP_OR . expr

    PARENT_A    desplazar e ir al estado 6
    CONST_INT   desplazar e ir al estado 7
    CONST_REAL  desplazar e ir al estado 8
    VARIABLE    desplazar e ir al estado 38
    '-'         desplazar e ir al estado 13

    NUMERO   ir al estado 19
    expr     ir al estado 110
    termino  ir al estado 23
    factor   ir al estado 24


estado 90

   55 cond: expr OP_COMP . expr

    PARENT_A    desplazar e ir al estado 6
    CONST_INT   desplazar e ir al estado 7
    CONST_REAL  desplazar e ir al estado 8
    VARIABLE    desplazar e ir al estado 38
    '-'         desplazar e ir al estado 13

    NUMERO   ir al estado 19
    expr     ir al estado 111
    termino  ir al estado 23
    factor   ir al estado 24


estado 91

   44 cond_completa: PARENT_A cond_completa PARENT_C .

    $default  reduce usando la regla 44 (cond_completa)


estado 92

   46 cond_completa: PARENT_A cond_completa OP_AND . cond_completa PARENT_C
   48              | PARENT_A cond_completa OP_AND . cond PARENT_C

    PARENT_A    desplazar e ir al estado 57
    OP_NOT      desplazar e ir al estado 58
    CONST_INT   desplazar e ir al estado 7
    CONST_REAL  desplazar e ir al estado 8
    VARIABLE    desplazar e ir al estado 38
    BETWEEN_T   desplazar e ir al estado 10
    '-'         desplazar e ir al estado 13

    NUMERO         ir al estado 19
    expr           ir al estado 59
    termino        ir al estado 23
    factor         ir al estado 24
    cond_completa  ir al estado 112
    cond           ir al estado 113
    between        ir al estado 62


estado 93

   45 cond_completa: PARENT_A cond_completa OP_OR . cond_completa PARENT_C
   47              | PARENT_A cond_completa OP_OR . cond PARENT_C

    PARENT_A    desplazar e ir al estado 57
    OP_NOT      desplazar e ir al estado 58
    CONST_INT   desplazar e ir al estado 7
    CONST_REAL  desplazar e ir al estado 8
    VARIABLE    desplazar e ir al estado 38
    BETWEEN_T   desplazar e ir al estado 10
    '-'         desplazar e ir al estado 13

    NUMERO         ir al estado 19
    expr           ir al estado 59
    termino        ir al estado 23
    factor         ir al estado 24
    cond_completa  ir al estado 114
    cond           ir al estado 115
    between        ir al estado 62


estado 94

   54 cond_completa: PARENT_A cond PARENT_C .

    $default  reduce usando la regla 54 (cond_completa)


estado 95

   51 cond_completa: PARENT_A cond OP_AND . cond_completa PARENT_C
   52              | PARENT_A cond OP_AND . cond PARENT_C

    PARENT_A    desplazar e ir al estado 57
    OP_NOT      desplazar e ir al estado 58
    CONST_INT   desplazar e ir al estado 7
    CONST_REAL  desplazar e ir al estado 8
    VARIABLE    desplazar e ir al estado 38
    BETWEEN_T   desplazar e ir al estado 10
    '-'         desplazar e ir al estado 13

    NUMERO         ir al estado 19
    expr           ir al estado 59
    termino        ir al estado 23
    factor         ir al estado 24
    cond_completa  ir al estado 116
    cond           ir al estado 117
    between        ir al estado 62


estado 96

   50 cond_completa: PARENT_A cond OP_OR . cond_completa PARENT_C
   53              | PARENT_A cond OP_OR . cond PARENT_C

    PARENT_A    desplazar e ir al estado 57
    OP_NOT      desplazar e ir al estado 58
    CONST_INT   desplazar e ir al estado 7
    CONST_REAL  desplazar e ir al estado 8
    VARIABLE    desplazar e ir al estado 38
    BETWEEN_T   desplazar e ir al estado 10
    '-'         desplazar e ir al estado 13

    NUMERO         ir al estado 19
    expr           ir al estado 59
    termino        ir al estado 23
    factor         ir al estado 24
    cond_completa  ir al estado 118
    cond           ir al estado 119
    between        ir al estado 62


estado 97

    3 sentencia: sentencia . grammar DOT_COM_T
   37 while: WHILE_T cond_completa LLAVE_A sentencia . LLAVE_C

    DIM_T         desplazar e ir al estado 1
    WHILE_T       desplazar e ir al estado 2
    IF_T          desplazar e ir al estado 3
    GET_T         desplazar e ir al estado 4
    DISPLAY_T     desplazar e ir al estado 5
    LLAVE_C       desplazar e ir al estado 120
    PARENT_A      desplazar e ir al estado 6
    CONST_INT     desplazar e ir al estado 7
    CONST_REAL    desplazar e ir al estado 8
    VARIABLE      desplazar e ir al estado 9
    BETWEEN_T     desplazar e ir al estado 10
    AVG_T         desplazar e ir al estado 11
    CONST_STRING  desplazar e ir al estado 12
    '-'           desplazar e ir al estado 13

    grammar    ir al estado 48
    asig       ir al estado 18
    NUMERO     ir al estado 19
    lista      ir al estado 20
    expr_list  ir al estado 21
    expr       ir al estado 22
    termino    ir al estado 23
    factor     ir al estado 24
    display    ir al estado 25
    get        ir al estado 26
    while      ir al estado 27
    if         ir al estado 28
    between    ir al estado 29
    AVG        ir al estado 30
    dec_var    ir al estado 31


estado 98

   39 if: IF_T cond_completa sentencia $@1 . ENDIF_T

    ENDIF_T  desplazar e ir al estado 121


estado 99

   43 if: IF_T cond_completa sentencia $@2 . ELSE_T $@3 sentencia $@4 ENDIF_T

    ELSE_T  desplazar e ir al estado 122


estado 100

   65 between: BETWEEN_T PARENT_A VARIABLE COMA_T . CORCHETE_A expr DOT_COM_T expr CORCHETE_C PARENT_C

    CORCHETE_A  desplazar e ir al estado 123


estado 101

   21 lista: lista . COMA_T expr_list
   22      | lista . COMA_T expr
   66 AVG: AVG_T PARENT_A CORCHETE_A lista . CORCHETE_C PARENT_C

    CORCHETE_C  desplazar e ir al estado 124
    COMA_T      desplazar e ir al estado 50


estado 102

   68 dupla_asig: VARIABLE COMA_T dupla_asig . COMA_T tipo

    COMA_T  desplazar e ir al estado 125


estado 103

   69 dupla_asig: VARIABLE OP_MAY AS_T . OP_MEN tipo

    OP_MEN  desplazar e ir al estado 126


estado 104

   24 expr: expr . OP_SUM_T termino
   25     | expr . OP_REST_T termino
   58 cond: expr OP_MEN expr .

    OP_SUM_T   desplazar e ir al estado 51
    OP_REST_T  desplazar e ir al estado 52

    $default  reduce usando la regla 58 (cond)


estado 105

   24 expr: expr . OP_SUM_T termino
   25     | expr . OP_REST_T termino
   59 cond: expr OP_MAY expr .

    OP_SUM_T   desplazar e ir al estado 51
    OP_REST_T  desplazar e ir al estado 52

    $default  reduce usando la regla 59 (cond)


estado 106

   24 expr: expr . OP_SUM_T termino
   25     | expr . OP_REST_T termino
   57 cond: expr OP_MEN_IGU expr .

    OP_SUM_T   desplazar e ir al estado 51
    OP_REST_T  desplazar e ir al estado 52

    $default  reduce usando la regla 57 (cond)


estado 107

   24 expr: expr . OP_SUM_T termino
   25     | expr . OP_REST_T termino
   56 cond: expr OP_MAY_IGU expr .

    OP_SUM_T   desplazar e ir al estado 51
    OP_REST_T  desplazar e ir al estado 52

    $default  reduce usando la regla 56 (cond)


estado 108

   27 termino: termino . OP_MULT_T factor
   28        | termino . OP_DIV_T factor
   63 cond: expr OP_NOT termino .

    OP_DIV_T   desplazar e ir al estado 53
    OP_MULT_T  desplazar e ir al estado 54

    $default  reduce usando la regla 63 (cond)


estado 109

   24 expr: expr . OP_SUM_T termino
   25     | expr . OP_REST_T termino
   60 cond: expr OP_AND expr .

    OP_SUM_T   desplazar e ir al estado 51
    OP_REST_T  desplazar e ir al estado 52

    $default  reduce usando la regla 60 (cond)


estado 110

   24 expr: expr . OP_SUM_T termino
   25     | expr . OP_REST_T termino
   61 cond: expr OP_OR expr .

    OP_SUM_T   desplazar e ir al estado 51
    OP_REST_T  desplazar e ir al estado 52

    $default  reduce usando la regla 61 (cond)


estado 111

   24 expr: expr . OP_SUM_T termino
   25     | expr . OP_REST_T termino
   55 cond: expr OP_COMP expr .

    OP_SUM_T   desplazar e ir al estado 51
    OP_REST_T  desplazar e ir al estado 52

    $default  reduce usando la regla 55 (cond)


estado 112

   46 cond_completa: PARENT_A cond_completa OP_AND cond_completa . PARENT_C

    PARENT_C  desplazar e ir al estado 127


estado 113

   48 cond_completa: PARENT_A cond_completa OP_AND cond . PARENT_C

    PARENT_C  desplazar e ir al estado 128


estado 114

   45 cond_completa: PARENT_A cond_completa OP_OR cond_completa . PARENT_C

    PARENT_C  desplazar e ir al estado 129


estado 115

   47 cond_completa: PARENT_A cond_completa OP_OR cond . PARENT_C

    PARENT_C  desplazar e ir al estado 130


estado 116

   51 cond_completa: PARENT_A cond OP_AND cond_completa . PARENT_C

    PARENT_C  desplazar e ir al estado 131


estado 117

   52 cond_completa: PARENT_A cond OP_AND cond . PARENT_C

    PARENT_C  desplazar e ir al estado 132


estado 118

   50 cond_completa: PARENT_A cond OP_OR cond_completa . PARENT_C

    PARENT_C  desplazar e ir al estado 133


estado 119

   53 cond_completa: PARENT_A cond OP_OR cond . PARENT_C

    PARENT_C  desplazar e ir al estado 134


estado 120

   37 while: WHILE_T cond_completa LLAVE_A sentencia LLAVE_C .

    $default  reduce usando la regla 37 (while)


estado 121

   39 if: IF_T cond_completa sentencia $@1 ENDIF_T .

    $default  reduce usando la regla 39 (if)


estado 122

   43 if: IF_T cond_completa sentencia $@2 ELSE_T . $@3 sentencia $@4 ENDIF_T

    $default  reduce usando la regla 41 ($@3)

    $@3  ir al estado 135


estado 123

   65 between: BETWEEN_T PARENT_A VARIABLE COMA_T CORCHETE_A . expr DOT_COM_T expr CORCHETE_C PARENT_C

    PARENT_A    desplazar e ir al estado 6
    CONST_INT   desplazar e ir al estado 7
    CONST_REAL  desplazar e ir al estado 8
    VARIABLE    desplazar e ir al estado 38
    '-'         desplazar e ir al estado 13

    NUMERO   ir al estado 19
    expr     ir al estado 136
    termino  ir al estado 23
    factor   ir al estado 24


estado 124

   66 AVG: AVG_T PARENT_A CORCHETE_A lista CORCHETE_C . PARENT_C

    PARENT_C  desplazar e ir al estado 137


estado 125

   68 dupla_asig: VARIABLE COMA_T dupla_asig COMA_T . tipo

    INT_T     desplazar e ir al estado 138
    REAL_T    desplazar e ir al estado 139
    STRING_T  desplazar e ir al estado 140

    tipo  ir al estado 141


estado 126

   69 dupla_asig: VARIABLE OP_MAY AS_T OP_MEN . tipo

    INT_T     desplazar e ir al estado 138
    REAL_T    desplazar e ir al estado 139
    STRING_T  desplazar e ir al estado 140

    tipo  ir al estado 142


estado 127

   46 cond_completa: PARENT_A cond_completa OP_AND cond_completa PARENT_C .

    $default  reduce usando la regla 46 (cond_completa)


estado 128

   48 cond_completa: PARENT_A cond_completa OP_AND cond PARENT_C .

    $default  reduce usando la regla 48 (cond_completa)


estado 129

   45 cond_completa: PARENT_A cond_completa OP_OR cond_completa PARENT_C .

    $default  reduce usando la regla 45 (cond_completa)


estado 130

   47 cond_completa: PARENT_A cond_completa OP_OR cond PARENT_C .

    $default  reduce usando la regla 47 (cond_completa)


estado 131

   51 cond_completa: PARENT_A cond OP_AND cond_completa PARENT_C .

    $default  reduce usando la regla 51 (cond_completa)


estado 132

   52 cond_completa: PARENT_A cond OP_AND cond PARENT_C .

    $default  reduce usando la regla 52 (cond_completa)


estado 133

   50 cond_completa: PARENT_A cond OP_OR cond_completa PARENT_C .

    $default  reduce usando la regla 50 (cond_completa)


estado 134

   53 cond_completa: PARENT_A cond OP_OR cond PARENT_C .

    $default  reduce usando la regla 53 (cond_completa)


estado 135

   43 if: IF_T cond_completa sentencia $@2 ELSE_T $@3 . sentencia $@4 ENDIF_T

    DIM_T         desplazar e ir al estado 1
    WHILE_T       desplazar e ir al estado 2
    IF_T          desplazar e ir al estado 3
    GET_T         desplazar e ir al estado 4
    DISPLAY_T     desplazar e ir al estado 5
    PARENT_A      desplazar e ir al estado 6
    CONST_INT     desplazar e ir al estado 7
    CONST_REAL    desplazar e ir al estado 8
    VARIABLE      desplazar e ir al estado 9
    BETWEEN_T     desplazar e ir al estado 10
    AVG_T         desplazar e ir al estado 11
    CONST_STRING  desplazar e ir al estado 12
    '-'           desplazar e ir al estado 13

    sentencia  ir al estado 143
    grammar    ir al estado 17
    asig       ir al estado 18
    NUMERO     ir al estado 19
    lista      ir al estado 20
    expr_list  ir al estado 21
    expr       ir al estado 22
    termino    ir al estado 23
    factor     ir al estado 24
    display    ir al estado 25
    get        ir al estado 26
    while      ir al estado 27
    if         ir al estado 28
    between    ir al estado 29
    AVG        ir al estado 30
    dec_var    ir al estado 31


estado 136

   24 expr: expr . OP_SUM_T termino
   25     | expr . OP_REST_T termino
   65 between: BETWEEN_T PARENT_A VARIABLE COMA_T CORCHETE_A expr . DOT_COM_T expr CORCHETE_C PARENT_C

    DOT_COM_T  desplazar e ir al estado 144
    OP_SUM_T   desplazar e ir al estado 51
    OP_REST_T  desplazar e ir al estado 52


estado 137

   66 AVG: AVG_T PARENT_A CORCHETE_A lista CORCHETE_C PARENT_C .

    $default  reduce usando la regla 66 (AVG)


estado 138

   70 tipo: INT_T .

    $default  reduce usando la regla 70 (tipo)


estado 139

   71 tipo: REAL_T .

    $default  reduce usando la regla 71 (tipo)


estado 140

   72 tipo: STRING_T .

    $default  reduce usando la regla 72 (tipo)


estado 141

   68 dupla_asig: VARIABLE COMA_T dupla_asig COMA_T tipo .

    $default  reduce usando la regla 68 (dupla_asig)


estado 142

   69 dupla_asig: VARIABLE OP_MAY AS_T OP_MEN tipo .

    $default  reduce usando la regla 69 (dupla_asig)


estado 143

    3 sentencia: sentencia . grammar DOT_COM_T
   43 if: IF_T cond_completa sentencia $@2 ELSE_T $@3 sentencia . $@4 ENDIF_T

    DIM_T         desplazar e ir al estado 1
    WHILE_T       desplazar e ir al estado 2
    IF_T          desplazar e ir al estado 3
    GET_T         desplazar e ir al estado 4
    DISPLAY_T     desplazar e ir al estado 5
    PARENT_A      desplazar e ir al estado 6
    CONST_INT     desplazar e ir al estado 7
    CONST_REAL    desplazar e ir al estado 8
    VARIABLE      desplazar e ir al estado 9
    BETWEEN_T     desplazar e ir al estado 10
    AVG_T         desplazar e ir al estado 11
    CONST_STRING  desplazar e ir al estado 12
    '-'           desplazar e ir al estado 13

    $default  reduce usando la regla 42 ($@4)

    grammar    ir al estado 48
    asig       ir al estado 18
    NUMERO     ir al estado 19
    lista      ir al estado 20
    expr_list  ir al estado 21
    expr       ir al estado 22
    termino    ir al estado 23
    factor     ir al estado 24
    display    ir al estado 25
    get        ir al estado 26
    while      ir al estado 27
    if         ir al estado 28
    $@4        ir al estado 145
    between    ir al estado 29
    AVG        ir al estado 30
    dec_var    ir al estado 31


estado 144

   65 between: BETWEEN_T PARENT_A VARIABLE COMA_T CORCHETE_A expr DOT_COM_T . expr CORCHETE_C PARENT_C

    PARENT_A    desplazar e ir al estado 6
    CONST_INT   desplazar e ir al estado 7
    CONST_REAL  desplazar e ir al estado 8
    VARIABLE    desplazar e ir al estado 38
    '-'         desplazar e ir al estado 13

    NUMERO   ir al estado 19
    expr     ir al estado 146
    termino  ir al estado 23
    factor   ir al estado 24


estado 145

   43 if: IF_T cond_completa sentencia $@2 ELSE_T $@3 sentencia $@4 . ENDIF_T

    ENDIF_T  desplazar e ir al estado 147


estado 146

   24 expr: expr . OP_SUM_T termino
   25     | expr . OP_REST_T termino
   65 between: BETWEEN_T PARENT_A VARIABLE COMA_T CORCHETE_A expr DOT_COM_T expr . CORCHETE_C PARENT_C

    CORCHETE_C  desplazar e ir al estado 148
    OP_SUM_T    desplazar e ir al estado 51
    OP_REST_T   desplazar e ir al estado 52


estado 147

   43 if: IF_T cond_completa sentencia $@2 ELSE_T $@3 sentencia $@4 ENDIF_T .

    $default  reduce usando la regla 43 (if)


estado 148

   65 between: BETWEEN_T PARENT_A VARIABLE COMA_T CORCHETE_A expr DOT_COM_T expr CORCHETE_C . PARENT_C

    PARENT_C  desplazar e ir al estado 149


estado 149

   65 between: BETWEEN_T PARENT_A VARIABLE COMA_T CORCHETE_A expr DOT_COM_T expr CORCHETE_C PARENT_C .

    $default  reduce usando la regla 65 (between)
